<?xml version="1.0" encoding="UTF-8"?>
<!-- Generated by org.testng.reporters.JUnitReportReporter -->
<testsuite skipped="0" hostname="ip-172-31-28-62" name="testcases.LoginTest" tests="4" failures="0" timestamp="2022-03-13T03:52:52 UTC" time="20.921" errors="0">
  <testcase name="LoginFailiureTest" time="4.258" classname="testcases.LoginTest"/>
  <system-out/>
  <testcase name="ParameterizedTest" time="4.365" classname="testcases.LoginTest"/>
  <system-out/>
  <testcase name="ExternalDataTes" time="4.094" classname="testcases.LoginTest"/>
  <system-out/>
  <testcase name="LoginSuccessTest" time="8.204" classname="testcases.LoginTest"/>
  <system-out/>
</testsuite> <!-- testcases.LoginTest -->
