<?xml version="1.0" encoding="UTF-8"?>
<!-- Generated by org.testng.reporters.JUnitReportReporter -->
<testsuite skipped="0" hostname="ip-172-31-28-62" name="testcases.LoginTest" tests="4" failures="0" timestamp="2022-04-08T17:31:22 UTC" time="18.944" errors="0">
  <testcase name="ParameterizedTest" time="5.559" classname="testcases.LoginTest"/>
  <system-out/>
  <testcase name="ExternalDataTes" time="4.283" classname="testcases.LoginTest"/>
  <system-out/>
  <testcase name="LoginFailiureTest" time="4.496" classname="testcases.LoginTest"/>
  <system-out/>
  <testcase name="LoginSuccessTest" time="4.606" classname="testcases.LoginTest"/>
  <system-out/>
</testsuite> <!-- testcases.LoginTest -->
