<?xml version="1.0" encoding="UTF-8"?>
<!-- Generated by org.testng.reporters.JUnitReportReporter -->
<testsuite skipped="3" hostname="ip-172-31-28-62" name="testcases.LoginTest" tests="4" failures="0" timestamp="2022-03-12T07:16:10 UTC" time="5.529" errors="0">
  <testcase name="LoginFailiureTest" time="5.529" classname="testcases.LoginTest"/>
  <system-out/>
  <testcase name="ExternalDataTes" classname="testcases.LoginTest">
    <skipped/>
  </testcase> <!-- ExternalDataTes -->
  <system-out/>
  <testcase name="LoginSuccessTest" classname="testcases.LoginTest">
    <skipped/>
  </testcase> <!-- LoginSuccessTest -->
  <system-out/>
  <testcase name="ParameterizedTest" classname="testcases.LoginTest">
    <skipped/>
  </testcase> <!-- ParameterizedTest -->
  <system-out/>
</testsuite> <!-- testcases.LoginTest -->
