<?xml version="1.0" encoding="UTF-8"?>
<!-- Generated by org.testng.reporters.JUnitReportReporter -->
<testsuite skipped="0" hostname="ip-172-31-28-62" name="testcases.LoginTest" tests="4" failures="0" timestamp="2022-04-08T12:14:11 UTC" time="23.162" errors="0">
  <testcase name="ParameterizedTest" time="5.852" classname="testcases.LoginTest"/>
  <system-out/>
  <testcase name="LoginSuccessTest" time="7.904" classname="testcases.LoginTest"/>
  <system-out/>
  <testcase name="ExternalDataTes" time="4.641" classname="testcases.LoginTest"/>
  <system-out/>
  <testcase name="LoginFailiureTest" time="4.765" classname="testcases.LoginTest"/>
  <system-out/>
</testsuite> <!-- testcases.LoginTest -->
