<?xml version="1.0" encoding="UTF-8"?>
<!-- Generated by org.testng.reporters.JUnitReportReporter -->
<testsuite skipped="0" hostname="ip-172-31-28-62" name="testcases.LoginTest" tests="4" failures="0" timestamp="2022-03-20T18:46:14 UTC" time="19.459" errors="0">
  <testcase name="ExternalDataTes" time="5.047" classname="testcases.LoginTest"/>
  <system-out/>
  <testcase name="ParameterizedTest" time="3.975" classname="testcases.LoginTest"/>
  <system-out/>
  <testcase name="LoginSuccessTest" time="6.465" classname="testcases.LoginTest"/>
  <system-out/>
  <testcase name="LoginFailiureTest" time="3.972" classname="testcases.LoginTest"/>
  <system-out/>
</testsuite> <!-- testcases.LoginTest -->
