<?xml version="1.0" encoding="UTF-8"?>
<!-- Generated by org.testng.reporters.JUnitReportReporter -->
<testsuite skipped="0" hostname="ip-172-31-28-62" name="testcases.LoginTest" tests="4" failures="0" timestamp="2022-03-13T04:53:24 UTC" time="23.280" errors="0">
  <testcase name="ExternalDataTes" time="5.145" classname="testcases.LoginTest"/>
  <system-out/>
  <testcase name="ParameterizedTest" time="3.904" classname="testcases.LoginTest"/>
  <system-out/>
  <testcase name="LoginSuccessTest" time="7.704" classname="testcases.LoginTest"/>
  <system-out/>
  <testcase name="LoginFailiureTest" time="6.527" classname="testcases.LoginTest"/>
  <system-out/>
</testsuite> <!-- testcases.LoginTest -->
